<?xml version="1.0" encoding="UTF-8"?>
<!-- Generated by org.testng.reporters.JUnitXMLReporter -->
<testsuite ignored="1" hostname="DESKTOP-B4ND95H" failures="0" tests="1" name="Default test(failed)" time="0.098" errors="0" timestamp="2022-10-26T21:57:56 IST">
  <testcase classname="com.testng.listeners.TestCase" name="testtofail" time="0.024"/>
  <testcase classname="com.testng.listeners.TestCase" name="testtopass" time="0.0">
    <ignored/>
  </testcase> <!-- testtopass -->
</testsuite> <!-- Default test(failed) -->
