<?xml version="1.0" encoding="UTF-8"?>
<!-- Generated by org.testng.reporters.JUnitXMLReporter -->
<testsuite ignored="0" hostname="DESKTOP-B4ND95H" failures="1" tests="2" name="Listeners_program" time="24.137" errors="0" timestamp="2022-09-30T19:35:03 IST">
  <testcase classname="com.testng.listeners.TestCase" name="testtofail" time="0.018">
    <failure type="java.lang.ArithmeticException" message="/ by zero">
      <![CDATA[java.lang.ArithmeticException: / by zero
at com.testng.listeners.TestCase.testtofail(TestCase.java:18)
at java.base/java.util.ArrayList.forEach(ArrayList.java:1541)
... Removed 27 stack frames]]>
    </failure>
  </testcase> <!-- testtofail -->
  <testcase classname="com.testng.listeners.TestCase" name="testtopass" time="0.009"/>
</testsuite> <!-- Listeners_program -->
