<?xml version="1.0" encoding="UTF-8"?>
<!-- Generated by org.testng.reporters.JUnitXMLReporter -->
<testsuite ignored="0" hostname="DESKTOP-B4ND95H" failures="0" tests="6" name="reg" time="0.113" errors="0" timestamp="2022-10-26T21:46:27 IST">
  <testcase classname="com.testNGScripts.TestNGDataProviderEx" name="myTest" time="0.013"/>
  <testcase classname="com.testNGScripts.TestNGDataProviderEx" name="myTest" time="0.003"/>
  <testcase classname="com.testNGScripts.TestNGDataProviderEx" name="myTest" time="0.004"/>
  <testcase classname="com.testNGScripts.TestNGDataProviderEx" name="testDP" time="0.002"/>
  <testcase classname="com.testNGScripts.TestNGDataProviderEx" name="testDP" time="0.002"/>
  <testcase classname="com.testNGScripts.TestNGDataProviderEx" name="testDP" time="0.003"/>
</testsuite> <!-- reg -->
