<?xml version="1.0" encoding="UTF-8"?>
<!-- Generated by org.testng.reporters.JUnitXMLReporter -->
<testsuite ignored="4" hostname="DESKTOP-B4ND95H" failures="0" tests="3" name="regression" time="0.127" errors="0" timestamp="2022-10-15T22:15:00 IST">
  <testcase classname="com.testNGScripts.Home_Loan" name="hLoan1" time="0.012"/>
  <testcase classname="com.testNGScripts.Home_Loan" name="hLoan2" time="0.004"/>
  <testcase classname="com.testNGScripts.Personel_Loan" name="pLoan1" time="0.004"/>
  <testcase classname="com.testNGScripts.LoanBase" name="@BeforeTest beforeTest" time="0.0">
    <ignored/>
  </testcase> <!-- @BeforeTest beforeTest -->
  <testcase classname="com.testNGScripts.LoanBase" name="@AfterTest afterTest" time="0.0">
    <ignored/>
  </testcase> <!-- @AfterTest afterTest -->
  <testcase classname="com.testNGScripts.LoanBase" name="@AfterSuite after_Suite" time="0.0">
    <ignored/>
  </testcase> <!-- @AfterSuite after_Suite -->
  <testcase classname="com.testNGScripts.LoanBase" name="@BeforeSuite before_Suite" time="0.0">
    <ignored/>
  </testcase> <!-- @BeforeSuite before_Suite -->
</testsuite> <!-- regression -->
