<?xml version="1.0" encoding="UTF-8"?>
<!-- Generated by org.testng.reporters.JUnitXMLReporter -->
<testsuite ignored="1" hostname="DESKTOP-B4ND95H" failures="0" tests="2" name="Test1(failed)" time="22.667" errors="0" timestamp="2022-10-15T22:13:21 IST">
  <testcase classname="com.testNGScripts.ParallelTest1" name="btest1" time="12.478"/>
  <testcase classname="com.testNGScripts.ParallelTest1" name="atest2" time="10.104"/>
  <testcase classname="com.testNGScripts.ParallelTest1" name="test3" time="0.0">
    <ignored/>
  </testcase> <!-- test3 -->
</testsuite> <!-- Test1(failed) -->
