<?xml version="1.0" encoding="UTF-8"?>
<!-- Generated by org.testng.reporters.JUnitXMLReporter -->
<testsuite ignored="0" hostname="DESKTOP-B4ND95H" failures="0" tests="3" name="Test1" time="0.067" errors="0" timestamp="2022-11-03T12:22:11 IST">
  <testcase classname="com.testNGScripts.Test2" name="pppp" time="0.006"/>
  <testcase classname="com.testNGScripts.Test2" name="qqqq" time="0.001"/>
  <testcase classname="com.testNGScripts.Test2" name="rrrr" time="0.0"/>
</testsuite> <!-- Test1 -->
