<?xml version="1.0" encoding="UTF-8"?>
<testng-results ignored="0" total="3" passed="3" failed="0" skipped="0">
  <reporter-output>
  </reporter-output>
  <suite started-at="2022-11-03T12:22:11 IST" name="Suite1" finished-at="2022-11-03T12:22:11 IST" duration-ms="67">
    <groups>
    </groups>
    <test started-at="2022-11-03T12:22:11 IST" name="Test1" finished-at="2022-11-03T12:22:11 IST" duration-ms="67">
      <class name="com.testNGScripts.Test2">
        <test-method signature="pppp()[pri:0, instance:com.testNGScripts.Test2@120f102b]" started-at="2022-11-03T12:22:11 IST" name="pppp" finished-at="2022-11-03T12:22:11 IST" duration-ms="6" status="PASS">
          <reporter-output>
          </reporter-output>
        </test-method> <!-- pppp -->
        <test-method signature="qqqq()[pri:0, instance:com.testNGScripts.Test2@120f102b]" started-at="2022-11-03T12:22:11 IST" name="qqqq" finished-at="2022-11-03T12:22:11 IST" duration-ms="1" status="PASS">
          <reporter-output>
          </reporter-output>
        </test-method> <!-- qqqq -->
        <test-method signature="rrrr()[pri:0, instance:com.testNGScripts.Test2@120f102b]" started-at="2022-11-03T12:22:11 IST" name="rrrr" finished-at="2022-11-03T12:22:11 IST" duration-ms="0" status="PASS">
          <reporter-output>
          </reporter-output>
        </test-method> <!-- rrrr -->
      </class> <!-- com.testNGScripts.Test2 -->
    </test> <!-- Test1 -->
  </suite> <!-- Suite1 -->
</testng-results>
