<?xml version="1.0" encoding="UTF-8"?>
<!-- Generated by org.testng.reporters.JUnitXMLReporter -->
<testsuite ignored="0" hostname="DESKTOP-B4ND95H" failures="1" tests="1" name="Admin Login TestCase with valid inputs" time="3.178" errors="0" timestamp="2022-10-23T16:23:26 IST">
  <testcase classname="com.ddt.testcases.AdminLoginTestwithValidData" name="checkAdminLogin" time="3.077">
    <failure type="java.lang.NullPointerException">
      <![CDATA[java.lang.NullPointerException
at com.pages.LoginPage.login(LoginPage.java:34)
at com.ddt.testcases.AdminLoginTestwithValidData.checkAdminLogin(AdminLoginTestwithValidData.java:33)
at java.base/java.util.ArrayList.forEach(ArrayList.java:1541)
... Removed 27 stack frames]]>
    </failure>
  </testcase> <!-- checkAdminLogin -->
</testsuite> <!-- Admin Login TestCase with valid inputs -->
